2026-05-29 15:16:35,347 [INFO] [初始化] 创建总实验记录表: experiment_master.csv
2026-05-29 15:16:35,349 [INFO] 
████████████████████████████████████████████████████████████
2026-05-29 15:16:35,349 [INFO]   阶段一：LHS 初始实验
2026-05-29 15:16:35,349 [INFO] ████████████████████████████████████████████████████████████
2026-05-29 15:16:35,352 [INFO] [LHS] 一次性写入全部 variables...
2026-05-29 15:16:35,377 [INFO] [记录] Variables 已写入: iteration=1
2026-05-29 15:16:35,383 [INFO] [记录] Variables 已写入: iteration=2
2026-05-29 15:16:35,388 [INFO] [记录] Variables 已写入: iteration=3
2026-05-29 15:16:35,393 [INFO] [记录] Variables 已写入: iteration=4
2026-05-29 15:16:35,399 [INFO] [记录] Variables 已写入: iteration=5
2026-05-29 15:16:35,399 [INFO] [LHS] 开始逐个运行实验...
2026-05-29 15:16:35,400 [INFO] ============================================================
2026-05-29 15:16:35,400 [INFO]   LHS 实验 1/5 | LHS1
2026-05-29 15:16:35,400 [INFO]   organic=29.80%  iso_time=0.60min  grad_time=0.50min
2026-05-29 15:16:35,400 [INFO] ============================================================
2026-05-29 15:16:35,406 [INFO] [等待] 监控 UPLC 完成，目标: D:\autolynx\Processed\LHS1.csv
2026-05-29 15:16:35,407 [INFO] [完成] 检测到完成标志，等待 5s 确保文件写稳定...
2026-05-29 15:16:40,411 [INFO] [完成] UPLC 运行结束: LHS1
2026-05-29 15:16:40,411 [INFO] [分析] 等待 3s 后读取 raw 文件...
2026-05-29 15:16:43,415 [ERROR] [错误] iteration=1 (LHS1) 分析失败: 
2026-05-29 15:16:43,415 [WARNING] [警告] iteration=1 objectives 保持 None，继续下一个实验
2026-05-29 15:16:43,415 [INFO] ============================================================
2026-05-29 15:16:43,416 [INFO]   LHS 实验 2/5 | LHS2
2026-05-29 15:16:43,416 [INFO]   organic=38.20%  iso_time=0.90min  grad_time=0.90min
2026-05-29 15:16:43,416 [INFO] ============================================================
2026-05-29 15:16:43,423 [INFO] [等待] 监控 UPLC 完成，目标: D:\autolynx\Processed\LHS2.csv
2026-05-29 15:16:43,423 [INFO]   ... 未检测到，30s 后重试
2026-05-29 15:17:13,423 [INFO]   ... 未检测到，30s 后重试
2026-05-29 15:17:43,438 [INFO]   ... 未检测到，30s 后重试
2026-05-29 15:18:13,453 [INFO]   ... 未检测到，30s 后重试
2026-05-29 15:18:43,463 [INFO]   ... 未检测到，30s 后重试
2026-05-29 15:19:13,468 [INFO]   ... 未检测到，30s 后重试
2026-05-29 15:19:43,470 [INFO]   ... 未检测到，30s 后重试
2026-05-29 15:20:13,479 [INFO]   ... 未检测到，30s 后重试
2026-05-29 15:20:43,487 [INFO]   ... 未检测到，30s 后重试
2026-05-29 15:21:13,495 [INFO]   ... 未检测到，30s 后重试
2026-05-29 15:21:43,502 [INFO]   ... 未检测到，30s 后重试
2026-05-29 15:22:13,511 [INFO]   ... 未检测到，30s 后重试
2026-05-29 15:22:43,517 [INFO]   ... 未检测到，30s 后重试
2026-05-29 15:23:13,527 [INFO]   ... 未检测到，30s 后重试
2026-05-29 15:23:43,537 [INFO]   ... 未检测到，30s 后重试
2026-05-29 15:24:13,539 [INFO]   ... 未检测到，30s 后重试
2026-05-29 15:24:43,554 [INFO]   ... 未检测到，30s 后重试
2026-05-29 15:25:13,566 [INFO]   ... 未检测到，30s 后重试
2026-05-29 15:25:43,567 [INFO]   ... 未检测到，30s 后重试
2026-05-29 15:26:13,575 [INFO] [完成] 检测到完成标志，等待 5s 确保文件写稳定...
2026-05-29 15:26:18,588 [INFO] [完成] UPLC 运行结束: LHS2
2026-05-29 15:26:18,588 [INFO] [分析] 等待 3s 后读取 raw 文件...
2026-05-29 15:26:21,712 [ERROR] [错误] iteration=2 (LHS2) 分析失败: [Errno 2] No such file or directory: 'experiment_master.csv'
2026-05-29 15:26:21,712 [WARNING] [警告] iteration=2 objectives 保持 None，继续下一个实验
2026-05-29 15:26:21,712 [INFO] ============================================================
2026-05-29 15:26:21,712 [INFO]   LHS 实验 3/5 | LHS3
2026-05-29 15:26:21,713 [INFO]   organic=49.40%  iso_time=0.30min  grad_time=0.60min
2026-05-29 15:26:21,713 [INFO] ============================================================
2026-05-29 15:26:21,723 [INFO] [等待] 监控 UPLC 完成，目标: D:\autolynx\Processed\LHS3.csv
2026-05-29 15:26:21,724 [INFO]   ... 未检测到，30s 后重试
2026-05-29 15:26:51,711 [INFO]   ... 未检测到，30s 后重试
2026-05-29 15:27:21,719 [INFO]   ... 未检测到，30s 后重试
2026-05-29 15:27:51,733 [INFO]   ... 未检测到，30s 后重试
2026-05-29 15:28:21,738 [INFO]   ... 未检测到，30s 后重试
2026-05-29 15:28:51,737 [INFO]   ... 未检测到，30s 后重试
2026-05-29 15:29:21,751 [INFO]   ... 未检测到，30s 后重试
2026-05-29 15:29:51,753 [INFO]   ... 未检测到，30s 后重试
2026-05-29 15:30:21,753 [INFO]   ... 未检测到，30s 后重试
2026-05-29 15:30:51,756 [INFO] [完成] 检测到完成标志，等待 5s 确保文件写稳定...
2026-05-29 15:30:56,773 [INFO] [完成] UPLC 运行结束: LHS3
2026-05-29 15:30:56,773 [INFO] [分析] 等待 3s 后读取 raw 文件...
2026-05-29 15:30:59,862 [ERROR] [错误] iteration=3 (LHS3) 分析失败: [Errno 2] No such file or directory: 'experiment_master.csv'
2026-05-29 15:30:59,862 [WARNING] [警告] iteration=3 objectives 保持 None，继续下一个实验
2026-05-29 15:30:59,863 [INFO] ============================================================
2026-05-29 15:30:59,863 [INFO]   LHS 实验 4/5 | LHS4
2026-05-29 15:30:59,863 [INFO]   organic=7.50%  iso_time=0.10min  grad_time=0.00min
2026-05-29 15:30:59,863 [INFO] ============================================================
2026-05-29 15:30:59,873 [INFO] [等待] 监控 UPLC 完成，目标: D:\autolynx\Processed\LHS4.csv
2026-05-29 15:30:59,873 [INFO]   ... 未检测到，30s 后重试
2026-05-29 15:31:29,886 [INFO]   ... 未检测到，30s 后重试
2026-05-29 15:31:59,886 [INFO]   ... 未检测到，30s 后重试
2026-05-29 15:32:29,887 [INFO]   ... 未检测到，30s 后重试
2026-05-29 15:32:59,900 [INFO]   ... 未检测到，30s 后重试
2026-05-29 15:33:29,905 [INFO]   ... 未检测到，30s 后重试
2026-05-29 15:33:59,905 [INFO]   ... 未检测到，30s 后重试
2026-05-29 15:34:29,912 [INFO] [完成] 检测到完成标志，等待 5s 确保文件写稳定...
2026-05-29 15:34:34,922 [INFO] [完成] UPLC 运行结束: LHS4
2026-05-29 15:34:34,922 [INFO] [分析] 等待 3s 后读取 raw 文件...
2026-05-29 15:34:37,988 [ERROR] [错误] iteration=4 (LHS4) 分析失败: [Errno 2] No such file or directory: 'experiment_master.csv'
2026-05-29 15:34:37,988 [WARNING] [警告] iteration=4 objectives 保持 None，继续下一个实验
2026-05-29 15:34:37,988 [INFO] ============================================================
2026-05-29 15:34:37,988 [INFO]   LHS 实验 5/5 | LHS5
2026-05-29 15:34:37,989 [INFO]   organic=25.50%  iso_time=0.70min  grad_time=0.40min
2026-05-29 15:34:37,989 [INFO] ============================================================
2026-05-29 15:34:37,996 [INFO] [等待] 监控 UPLC 完成，目标: D:\autolynx\Processed\LHS5.csv
2026-05-29 15:34:37,996 [INFO]   ... 未检测到，30s 后重试
2026-05-29 15:35:07,994 [INFO]   ... 未检测到，30s 后重试
2026-05-29 15:35:37,996 [INFO]   ... 未检测到，30s 后重试
2026-05-29 15:36:07,996 [INFO]   ... 未检测到，30s 后重试
2026-05-29 15:36:38,009 [INFO]   ... 未检测到，30s 后重试
2026-05-29 15:37:08,012 [INFO]   ... 未检测到，30s 后重试
2026-05-29 15:37:38,019 [INFO]   ... 未检测到，30s 后重试
2026-05-29 15:38:08,022 [INFO]   ... 未检测到，30s 后重试
2026-05-29 15:38:38,026 [INFO]   ... 未检测到，30s 后重试
2026-05-29 15:39:08,035 [INFO] [完成] 检测到完成标志，等待 5s 确保文件写稳定...
2026-05-29 15:39:13,039 [INFO] [完成] UPLC 运行结束: LHS5
2026-05-29 15:39:13,040 [INFO] [分析] 等待 3s 后读取 raw 文件...
2026-05-29 15:39:16,123 [ERROR] [错误] iteration=5 (LHS5) 分析失败: [Errno 2] No such file or directory: 'experiment_master.csv'
2026-05-29 15:39:16,124 [WARNING] [警告] iteration=5 objectives 保持 None，继续下一个实验
2026-05-29 15:39:16,124 [INFO] 
████████████████████████████████████████████████████████████
2026-05-29 15:39:16,124 [INFO]   阶段二：贝叶斯优化迭代
2026-05-29 15:39:16,124 [INFO] ████████████████████████████████████████████████████████████
2026-05-29 15:39:16,125 [INFO] ============================================================
2026-05-29 15:39:16,125 [INFO]   BO 第 1/2 轮 | BO1
2026-05-29 15:39:16,125 [INFO] ============================================================
2026-05-29 15:39:16,125 [INFO] [BO] 正在推荐实验条件...
2026-05-29 15:39:16,126 [ERROR] [错误] BO 第 1 轮推荐失败: [Errno 2] No such file or directory: 'experiment_master.csv'
2026-05-29 15:39:16,126 [WARNING] [警告] 跳过 BO 第 1 轮，继续下一轮
2026-05-29 15:39:16,126 [INFO] ============================================================
2026-05-29 15:39:16,126 [INFO]   BO 第 2/2 轮 | BO2
2026-05-29 15:39:16,126 [INFO] ============================================================
2026-05-29 15:39:16,127 [INFO] [BO] 正在推荐实验条件...
2026-05-29 15:39:16,127 [ERROR] [错误] BO 第 2 轮推荐失败: [Errno 2] No such file or directory: 'experiment_master.csv'
2026-05-29 15:39:16,127 [WARNING] [警告] 跳过 BO 第 2 轮，继续下一轮
2026-05-29 15:39:16,127 [INFO] 
████████████████████████████████████████████████████████████
2026-05-29 15:39:16,128 [INFO]   Close-loop 优化全部完成！
2026-05-29 15:39:16,128 [INFO]   完整实验记录: experiment_master.csv
2026-05-29 15:39:16,128 [INFO] ████████████████████████████████████████████████████████████
